<?xml version="1.0" encoding="UTF-8"?>
<!-- Generated by org.testng.reporters.JUnitXMLReporter -->
<testsuite ignored="0" hostname="DESKTOP-4EV49HN" failures="0" tests="9" name="Test" time="92.156" errors="0" timestamp="2024-12-11T15:02:49 IST">
  <testcase classname="nmsTestcases.NmsLoginTestcase" name="authentication" time="1.122"/>
  <testcase classname="nmsTestcases.NmsLoginTestcase" name="authentication" time="0.399"/>
  <testcase classname="nmsTestcases.NmsCreateProjectTestcase" name="createProject" time="14.406"/>
  <testcase classname="nmsTestcases.NmsCreateProjectTestcase" name="createProject" time="14.303"/>
  <testcase classname="nmsTestcases.NmsCreateProjectTestcase" name="createProject" time="14.323"/>
  <testcase classname="nmsTestcases.NmsCreateProjectTestcase" name="createProject" time="14.419"/>
  <testcase classname="nmsTestcases.NmsCreateProjectTestcase" name="createProject" time="14.007"/>
  <testcase classname="nmsTestcases.NmsCreateProjectTestcase" name="createProject" time="4.027"/>
  <testcase classname="nmsTestcases.NmsCreateProjectTestcase" name="createProject" time="14.007"/>
</testsuite> <!-- Test -->
