<?xml version="1.0" encoding="UTF-8"?>
<testng-results ignored="0" total="9" passed="9" failed="0" skipped="0">
  <reporter-output>
  </reporter-output>
  <suite started-at="2024-12-11T15:01:17 IST" name="Suite" finished-at="2024-12-11T15:02:49 IST" duration-ms="92156">
    <groups>
    </groups>
    <test started-at="2024-12-11T15:01:17 IST" name="Test" finished-at="2024-12-11T15:02:49 IST" duration-ms="92156">
      <class name="nmsTestcases.NmsCreateProjectTestcase">
        <test-method signature="createProject(java.lang.String,java.lang.String,java.lang.String,java.lang.String,java.lang.String,java.lang.String,java.lang.String,java.lang.String,java.lang.String,java.lang.String,java.lang.String,java.lang.String,java.lang.String,java.lang.String)[pri:0, instance:nmsTestcases.NmsCreateProjectTestcase@2cd76f31]" started-at="2024-12-11T15:01:20 IST" name="createProject" data-provider="ExcelData" finished-at="2024-12-11T15:01:34 IST" duration-ms="14406" status="PASS">
          <params>
            <param index="0">
              <value>
                <![CDATA[1.0]]>
              </value>
            </param>
            <param index="1">
              <value>
                <![CDATA[Validate that the project is created successfully when all fields are provided with valid input values.]]>
              </value>
            </param>
            <param index="2">
              <value>
                <![CDATA[Website Redesign]]>
              </value>
            </param>
            <param index="3">
              <value>
                <![CDATA[NINTRIVA]]>
              </value>
            </param>
            <param index="4">
              <value>
                <![CDATA[WR2024]]>
              </value>
            </param>
            <param index="5">
              <value>
                <![CDATA[01-Jan-2024]]>
              </value>
            </param>
            <param index="6">
              <value>
                <![CDATA[06-Jan-2024]]>
              </value>
            </param>
            <param index="7">
              <value>
                <![CDATA[300.0]]>
              </value>
            </param>
            <param index="8">
              <value>
                <![CDATA[John ]]>
              </value>
            </param>
            <param index="9">
              <value>
                <![CDATA[Anjali]]>
              </value>
            </param>
            <param index="10">
              <value>
                <![CDATA[Redesigning the corporate website to improve user experience and functionality.]]>
              </value>
            </param>
            <param index="11">
              <value>
                <![CDATA[To Do]]>
              </value>
            </param>
            <param index="12">
              <value>
                <![CDATA[Yes]]>
              </value>
            </param>
            <param index="13">
              <value>
                <![CDATA[Pass]]>
              </value>
            </param>
          </params>
          <reporter-output>
          </reporter-output>
        </test-method> <!-- createProject -->
        <test-method signature="createProject(java.lang.String,java.lang.String,java.lang.String,java.lang.String,java.lang.String,java.lang.String,java.lang.String,java.lang.String,java.lang.String,java.lang.String,java.lang.String,java.lang.String,java.lang.String,java.lang.String)[pri:0, instance:nmsTestcases.NmsCreateProjectTestcase@2cd76f31]" started-at="2024-12-11T15:01:34 IST" name="createProject" data-provider="ExcelData" finished-at="2024-12-11T15:01:49 IST" duration-ms="14303" status="PASS">
          <params>
            <param index="0">
              <value>
                <![CDATA[2.0]]>
              </value>
            </param>
            <param index="1">
              <value>
                <![CDATA[Validate that an error message is displayed when the "Project Name" field is left empty.]]>
              </value>
            </param>
            <param index="2">
              <value>
                <![CDATA[nan]]>
              </value>
            </param>
            <param index="3">
              <value>
                <![CDATA[Trybond]]>
              </value>
            </param>
            <param index="4">
              <value>
                <![CDATA[WR2024]]>
              </value>
            </param>
            <param index="5">
              <value>
                <![CDATA[01-Jan-2024]]>
              </value>
            </param>
            <param index="6">
              <value>
                <![CDATA[06-Jan-2024]]>
              </value>
            </param>
            <param index="7">
              <value>
                <![CDATA[300.0]]>
              </value>
            </param>
            <param index="8">
              <value>
                <![CDATA[John ]]>
              </value>
            </param>
            <param index="9">
              <value>
                <![CDATA[Sree]]>
              </value>
            </param>
            <param index="10">
              <value>
                <![CDATA[Redesigning the corporate website to improve user experience and functionality.]]>
              </value>
            </param>
            <param index="11">
              <value>
                <![CDATA[To Do]]>
              </value>
            </param>
            <param index="12">
              <value>
                <![CDATA[Yes]]>
              </value>
            </param>
            <param index="13">
              <value>
                <![CDATA[Fail]]>
              </value>
            </param>
          </params>
          <reporter-output>
          </reporter-output>
        </test-method> <!-- createProject -->
        <test-method signature="createProject(java.lang.String,java.lang.String,java.lang.String,java.lang.String,java.lang.String,java.lang.String,java.lang.String,java.lang.String,java.lang.String,java.lang.String,java.lang.String,java.lang.String,java.lang.String,java.lang.String)[pri:0, instance:nmsTestcases.NmsCreateProjectTestcase@2cd76f31]" started-at="2024-12-11T15:01:49 IST" name="createProject" data-provider="ExcelData" finished-at="2024-12-11T15:02:03 IST" duration-ms="14323" status="PASS">
          <params>
            <param index="0">
              <value>
                <![CDATA[3.0]]>
              </value>
            </param>
            <param index="1">
              <value>
                <![CDATA[Validate that the system prevents project creation if the "End Date" is before the "Start Date."]]>
              </value>
            </param>
            <param index="2">
              <value>
                <![CDATA[Website Redesign]]>
              </value>
            </param>
            <param index="3">
              <value>
                <![CDATA[NINTRIVA]]>
              </value>
            </param>
            <param index="4">
              <value>
                <![CDATA[WR2024]]>
              </value>
            </param>
            <param index="5">
              <value>
                <![CDATA[06-Jan-2024]]>
              </value>
            </param>
            <param index="6">
              <value>
                <![CDATA[01-Jan-2024]]>
              </value>
            </param>
            <param index="7">
              <value>
                <![CDATA[300.0]]>
              </value>
            </param>
            <param index="8">
              <value>
                <![CDATA[John ]]>
              </value>
            </param>
            <param index="9">
              <value>
                <![CDATA[Hari]]>
              </value>
            </param>
            <param index="10">
              <value>
                <![CDATA[Redesigning the corporate website to improve user experience and functionality.]]>
              </value>
            </param>
            <param index="11">
              <value>
                <![CDATA[To Do]]>
              </value>
            </param>
            <param index="12">
              <value>
                <![CDATA[Yes]]>
              </value>
            </param>
            <param index="13">
              <value>
                <![CDATA[Pass]]>
              </value>
            </param>
          </params>
          <reporter-output>
          </reporter-output>
        </test-method> <!-- createProject -->
        <test-method signature="createProject(java.lang.String,java.lang.String,java.lang.String,java.lang.String,java.lang.String,java.lang.String,java.lang.String,java.lang.String,java.lang.String,java.lang.String,java.lang.String,java.lang.String,java.lang.String,java.lang.String)[pri:0, instance:nmsTestcases.NmsCreateProjectTestcase@2cd76f31]" started-at="2024-12-11T15:02:03 IST" name="createProject" data-provider="ExcelData" finished-at="2024-12-11T15:02:17 IST" duration-ms="14419" status="PASS">
          <params>
            <param index="0">
              <value>
                <![CDATA[4.0]]>
              </value>
            </param>
            <param index="1">
              <value>
                <![CDATA[Validate that the system does not allow a duplicate abbreviation.]]>
              </value>
            </param>
            <param index="2">
              <value>
                <![CDATA[Website Redesign]]>
              </value>
            </param>
            <param index="3">
              <value>
                <![CDATA[Trybond]]>
              </value>
            </param>
            <param index="4">
              <value>
                <![CDATA[WR2024]]>
              </value>
            </param>
            <param index="5">
              <value>
                <![CDATA[01-Jan-2024]]>
              </value>
            </param>
            <param index="6">
              <value>
                <![CDATA[06-Jan-2024]]>
              </value>
            </param>
            <param index="7">
              <value>
                <![CDATA[300.0]]>
              </value>
            </param>
            <param index="8">
              <value>
                <![CDATA[John ]]>
              </value>
            </param>
            <param index="9">
              <value>
                <![CDATA[Anjali]]>
              </value>
            </param>
            <param index="10">
              <value>
                <![CDATA[Redesigning the corporate website to improve user experience and functionality.]]>
              </value>
            </param>
            <param index="11">
              <value>
                <![CDATA[To Do]]>
              </value>
            </param>
            <param index="12">
              <value>
                <![CDATA[Yes]]>
              </value>
            </param>
            <param index="13">
              <value>
                <![CDATA[Pass]]>
              </value>
            </param>
          </params>
          <reporter-output>
          </reporter-output>
        </test-method> <!-- createProject -->
        <test-method signature="createProject(java.lang.String,java.lang.String,java.lang.String,java.lang.String,java.lang.String,java.lang.String,java.lang.String,java.lang.String,java.lang.String,java.lang.String,java.lang.String,java.lang.String,java.lang.String,java.lang.String)[pri:0, instance:nmsTestcases.NmsCreateProjectTestcase@2cd76f31]" started-at="2024-12-11T15:02:17 IST" name="createProject" data-provider="ExcelData" finished-at="2024-12-11T15:02:31 IST" duration-ms="14007" status="PASS">
          <params>
            <param index="0">
              <value>
                <![CDATA[5.0]]>
              </value>
            </param>
            <param index="1">
              <value>
                <![CDATA[Validate that the system restricts input for "Expected Hours for Completion" to a maximum of 10,000 hours.]]>
              </value>
            </param>
            <param index="2">
              <value>
                <![CDATA[Website Redesign]]>
              </value>
            </param>
            <param index="3">
              <value>
                <![CDATA[Trybond]]>
              </value>
            </param>
            <param index="4">
              <value>
                <![CDATA[WR2024]]>
              </value>
            </param>
            <param index="5">
              <value>
                <![CDATA[01-Jan-2024]]>
              </value>
            </param>
            <param index="6">
              <value>
                <![CDATA[06-Jan-2024]]>
              </value>
            </param>
            <param index="7">
              <value>
                <![CDATA[300.0]]>
              </value>
            </param>
            <param index="8">
              <value>
                <![CDATA[John ]]>
              </value>
            </param>
            <param index="9">
              <value>
                <![CDATA[Sree]]>
              </value>
            </param>
            <param index="10">
              <value>
                <![CDATA[Redesigning the corporate website to improve user experience and functionality.]]>
              </value>
            </param>
            <param index="11">
              <value>
                <![CDATA[To Do]]>
              </value>
            </param>
            <param index="12">
              <value>
                <![CDATA[Yes]]>
              </value>
            </param>
            <param index="13">
              <value>
                <![CDATA[Pass]]>
              </value>
            </param>
          </params>
          <reporter-output>
          </reporter-output>
        </test-method> <!-- createProject -->
        <test-method signature="createProject(java.lang.String,java.lang.String,java.lang.String,java.lang.String,java.lang.String,java.lang.String,java.lang.String,java.lang.String,java.lang.String,java.lang.String,java.lang.String,java.lang.String,java.lang.String,java.lang.String)[pri:0, instance:nmsTestcases.NmsCreateProjectTestcase@2cd76f31]" started-at="2024-12-11T15:02:31 IST" name="createProject" data-provider="ExcelData" finished-at="2024-12-11T15:02:35 IST" duration-ms="4027" status="PASS">
          <params>
            <param index="0">
              <value>
                <![CDATA[6.0]]>
              </value>
            </param>
            <param index="1">
              <value>
                <![CDATA[Validate that the system prevents invalid or empty client entries.]]>
              </value>
            </param>
            <param index="2">
              <value>
                <![CDATA[Website Redesign]]>
              </value>
            </param>
            <param index="3">
              <value>
                <![CDATA[nan]]>
              </value>
            </param>
            <param index="4">
              <value>
                <![CDATA[WR2024]]>
              </value>
            </param>
            <param index="5">
              <value>
                <![CDATA[01-Jan-2024]]>
              </value>
            </param>
            <param index="6">
              <value>
                <![CDATA[06-Jan-2024]]>
              </value>
            </param>
            <param index="7">
              <value>
                <![CDATA[300.0]]>
              </value>
            </param>
            <param index="8">
              <value>
                <![CDATA[John ]]>
              </value>
            </param>
            <param index="9">
              <value>
                <![CDATA[Hari]]>
              </value>
            </param>
            <param index="10">
              <value>
                <![CDATA[Redesigning the corporate website to improve user experience and functionality.]]>
              </value>
            </param>
            <param index="11">
              <value>
                <![CDATA[To Do]]>
              </value>
            </param>
            <param index="12">
              <value>
                <![CDATA[Yes]]>
              </value>
            </param>
            <param index="13">
              <value>
                <![CDATA[Fail]]>
              </value>
            </param>
          </params>
          <reporter-output>
          </reporter-output>
        </test-method> <!-- createProject -->
        <test-method signature="createProject(java.lang.String,java.lang.String,java.lang.String,java.lang.String,java.lang.String,java.lang.String,java.lang.String,java.lang.String,java.lang.String,java.lang.String,java.lang.String,java.lang.String,java.lang.String,java.lang.String)[pri:0, instance:nmsTestcases.NmsCreateProjectTestcase@2cd76f31]" started-at="2024-12-11T15:02:35 IST" name="createProject" data-provider="ExcelData" finished-at="2024-12-11T15:02:49 IST" duration-ms="14007" status="PASS">
          <params>
            <param index="0">
              <value>
                <![CDATA[7.0]]>
              </value>
            </param>
            <param index="1">
              <value>
                <![CDATA[Validate that only predefined status values are accepted.]]>
              </value>
            </param>
            <param index="2">
              <value>
                <![CDATA[Website Redesign]]>
              </value>
            </param>
            <param index="3">
              <value>
                <![CDATA[NINTRIVA]]>
              </value>
            </param>
            <param index="4">
              <value>
                <![CDATA[WR2024]]>
              </value>
            </param>
            <param index="5">
              <value>
                <![CDATA[01-Jan-2024]]>
              </value>
            </param>
            <param index="6">
              <value>
                <![CDATA[06-Jan-2024]]>
              </value>
            </param>
            <param index="7">
              <value>
                <![CDATA[300.0]]>
              </value>
            </param>
            <param index="8">
              <value>
                <![CDATA[John ]]>
              </value>
            </param>
            <param index="9">
              <value>
                <![CDATA[Anjali]]>
              </value>
            </param>
            <param index="10">
              <value>
                <![CDATA[Redesigning the corporate website to improve user experience and functionality.]]>
              </value>
            </param>
            <param index="11">
              <value>
                <![CDATA[To Do]]>
              </value>
            </param>
            <param index="12">
              <value>
                <![CDATA[Yes]]>
              </value>
            </param>
            <param index="13">
              <value>
                <![CDATA[Pass]]>
              </value>
            </param>
          </params>
          <reporter-output>
          </reporter-output>
        </test-method> <!-- createProject -->
      </class> <!-- nmsTestcases.NmsCreateProjectTestcase -->
      <class name="nmsTestcases.NmsLoginTestcase">
        <test-method is-config="true" signature="loader()[pri:0, instance:nmsTestcases.NmsLoginTestcase@4d1c00d0]" started-at="2024-12-11T15:01:13 IST" name="loader" finished-at="2024-12-11T15:01:17 IST" duration-ms="4079" status="PASS">
          <reporter-output>
          </reporter-output>
        </test-method> <!-- loader -->
        <test-method is-config="true" signature="setUp()[pri:0, instance:nmsTestcases.NmsLoginTestcase@4d1c00d0]" started-at="2024-12-11T15:01:17 IST" name="setUp" finished-at="2024-12-11T15:01:17 IST" duration-ms="0" status="PASS">
          <reporter-output>
          </reporter-output>
        </test-method> <!-- setUp -->
        <test-method signature="authentication(java.lang.String,java.lang.String,java.lang.String,java.lang.String,java.lang.String,java.lang.String)[pri:0, instance:nmsTestcases.NmsLoginTestcase@4d1c00d0]" started-at="2024-12-11T15:01:18 IST" name="authentication" data-provider="ExcelData" finished-at="2024-12-11T15:01:19 IST" duration-ms="1122" status="PASS">
          <params>
            <param index="0">
              <value>
                <![CDATA[1.0]]>
              </value>
            </param>
            <param index="1">
              <value>
                <![CDATA[Verify that invalid credentials are not accepted]]>
              </value>
            </param>
            <param index="2">
              <value>
                <![CDATA[admin]]>
              </value>
            </param>
            <param index="3">
              <value>
                <![CDATA[admin123]]>
              </value>
            </param>
            <param index="4">
              <value>
                <![CDATA[Fail]]>
              </value>
            </param>
            <param index="5">
              <value>
                <![CDATA[nintriva]]>
              </value>
            </param>
          </params>
          <reporter-output>
          </reporter-output>
        </test-method> <!-- authentication -->
        <test-method signature="authentication(java.lang.String,java.lang.String,java.lang.String,java.lang.String,java.lang.String,java.lang.String)[pri:0, instance:nmsTestcases.NmsLoginTestcase@4d1c00d0]" started-at="2024-12-11T15:01:19 IST" name="authentication" data-provider="ExcelData" finished-at="2024-12-11T15:01:20 IST" duration-ms="399" status="PASS">
          <params>
            <param index="0">
              <value>
                <![CDATA[2.0]]>
              </value>
            </param>
            <param index="1">
              <value>
                <![CDATA[Verify that the user login successfully with valid credentials]]>
              </value>
            </param>
            <param index="2">
              <value>
                <![CDATA[anjalilatheesh99@gmail.com]]>
              </value>
            </param>
            <param index="3">
              <value>
                <![CDATA[Anjali@2024]]>
              </value>
            </param>
            <param index="4">
              <value>
                <![CDATA[Pass]]>
              </value>
            </param>
            <param index="5">
              <value>
                <![CDATA[nintriva]]>
              </value>
            </param>
          </params>
          <reporter-output>
          </reporter-output>
        </test-method> <!-- authentication -->
        <test-method is-config="true" signature="tearDown()[pri:0, instance:nmsTestcases.NmsLoginTestcase@4d1c00d0]" started-at="2024-12-11T15:02:50 IST" name="tearDown" finished-at="2024-12-11T15:02:50 IST" duration-ms="551" status="PASS">
          <reporter-output>
          </reporter-output>
        </test-method> <!-- tearDown -->
      </class> <!-- nmsTestcases.NmsLoginTestcase -->
    </test> <!-- Test -->
  </suite> <!-- Suite -->
</testng-results>
